mode: set
comments-service/internal/handler/comment_handler.go:15.67,17.2 1 1
comments-service/internal/handler/comment_handler.go:19.73,30.2 4 1
comments-service/internal/handler/comment_handler.go:32.70,36.42 3 1
comments-service/internal/handler/comment_handler.go:36.42,39.3 2 0
comments-service/internal/handler/comment_handler.go:41.2,45.16 4 1
comments-service/internal/handler/comment_handler.go:45.16,47.3 1 1
comments-service/internal/handler/comment_handler.go:49.2,50.37 2 1
comments-service/internal/handler/comment_handler.go:53.73,59.2 4 1
